<?xml version="1.0" encoding="UTF-8"?>
<testng-results ignored="0" total="1" passed="1" failed="0" skipped="0">
  <reporter-output>
  </reporter-output>
  <suite started-at="2026-05-11T22:05:38 IST" name="Default suite" finished-at="2026-05-11T22:05:42 IST" duration-ms="3960">
    <groups>
    </groups>
    <test started-at="2026-05-11T22:05:38 IST" name="Default test" finished-at="2026-05-11T22:05:42 IST" duration-ms="3960">
      <class name="com.demo.ParallelDemo">
        <test-method signature="chromeDriver()[pri:0, instance:com.demo.ParallelDemo@3270d194]" started-at="2026-05-11T22:05:38 IST" name="chromeDriver" finished-at="2026-05-11T22:05:42 IST" duration-ms="3901" status="PASS">
          <reporter-output>
          </reporter-output>
        </test-method> <!-- chromeDriver -->
      </class> <!-- com.demo.ParallelDemo -->
    </test> <!-- Default test -->
  </suite> <!-- Default suite -->
</testng-results>
