<?xml version="1.0" encoding="UTF-8"?>
<testng-results ignored="0" total="1" passed="1" failed="0" skipped="0">
  <reporter-output>
  </reporter-output>
  <suite started-at="2026-05-13T11:01:54 IST" name="Default suite" finished-at="2026-05-13T11:01:58 IST" duration-ms="3144">
    <groups>
    </groups>
    <test started-at="2026-05-13T11:01:54 IST" name="Default test" finished-at="2026-05-13T11:01:58 IST" duration-ms="3144">
      <class name="com.javaaa.Java_Executor">
        <test-method signature="sendkeys()[pri:0, instance:com.javaaa.Java_Executor@235834f2]" started-at="2026-05-13T11:01:54 IST" name="sendkeys" finished-at="2026-05-13T11:01:58 IST" duration-ms="3080" status="PASS">
          <reporter-output>
          </reporter-output>
        </test-method> <!-- sendkeys -->
      </class> <!-- com.javaaa.Java_Executor -->
    </test> <!-- Default test -->
  </suite> <!-- Default suite -->
</testng-results>
