<?xml version="1.0" encoding="UTF-8"?>
<!-- Generated by org.testng.reporters.JUnitReportReporter -->
<testsuite hostname="DESKTOP-NNVMNJC" failures="0" tests="4" name="com.javaaa.priority_List" time="0.022" errors="0" timestamp="2026-05-10T19:07:44 IST" skipped="1">
  <testcase classname="com.javaaa.priority_List" name="test_A" time="0.014"/>
  <testcase classname="com.javaaa.priority_List" name="test_c" time="0.006"/>
  <testcase classname="com.javaaa.priority_List" name="test_c" time="0.002"/>
  <testcase classname="com.javaaa.priority_List" name="test_B">
    <skipped/>
  </testcase> <!-- test_B -->
</testsuite> <!-- com.javaaa.priority_List -->
