<?xml version="1.0" encoding="UTF-8"?>
<!-- Generated by org.testng.reporters.JUnitReportReporter -->
<testsuite hostname="DESKTOP-NNVMNJC" failures="0" tests="3" name="com.demo.SimpleAnnotations2" time="0.010" errors="0" timestamp="2026-05-08T11:26:32 IST" skipped="2">
  <testcase classname="com.demo.SimpleAnnotations2" name="test_B" time="0.010"/>
  <testcase classname="com.demo.SimpleAnnotations2" name="test_C">
    <skipped/>
  </testcase> <!-- test_C -->
  <testcase classname="com.demo.SimpleAnnotations2" name="test_A">
    <skipped/>
  </testcase> <!-- test_A -->
</testsuite> <!-- com.demo.SimpleAnnotations2 -->
