<?xml version="1.0" encoding="UTF-8"?>
<!-- Generated by org.testng.reporters.JUnitReportReporter -->
<testsuite hostname="DESKTOP-NNVMNJC" failures="0" tests="4" name="com.demo.GroupsDemo" time="0.015" errors="0" timestamp="2026-05-10T20:29:09 IST" skipped="0">
  <testcase classname="com.demo.GroupsDemo" name="test_C" time="0.004"/>
  <testcase classname="com.demo.GroupsDemo" name="test_B" time="0.002"/>
  <testcase classname="com.demo.GroupsDemo" name="test_A" time="0.007"/>
  <testcase classname="com.demo.GroupsDemo" name="test_D" time="0.002"/>
</testsuite> <!-- com.demo.GroupsDemo -->
